<?xml version="1.0" encoding="UTF-8"?>
<!-- Generated by org.testng.reporters.JUnitReportReporter -->
<testsuite skipped="0" hostname="nahsen-mbp" name="com.unicoStudio.tests.AboutPageTest" tests="5" failures="0" timestamp="2023-04-27T10:49:26 EET" time="172.960" errors="0">
  <testcase name="aboutPageTwitterTest" time="31.049" classname="com.unicoStudio.tests.AboutPageTest"/>
  <system-out/>
  <testcase name="aboutGeneralTextTest" time="30.984" classname="com.unicoStudio.tests.AboutPageTest"/>
  <system-out/>
  <testcase name="aboutPageLinkedInTest" time="31.435" classname="com.unicoStudio.tests.AboutPageTest"/>
  <system-out/>
  <testcase name="aboutPageInstagramTest" time="34.063" classname="com.unicoStudio.tests.AboutPageTest"/>
  <system-out/>
  <testcase name="aboutPageFacebookTest" time="45.429" classname="com.unicoStudio.tests.AboutPageTest"/>
  <system-out/>
</testsuite> <!-- com.unicoStudio.tests.AboutPageTest -->
