<?xml version="1.0" encoding="UTF-8"?>
<!-- Generated by org.testng.reporters.JUnitReportReporter -->
<testsuite skipped="0" hostname="nahsen-mbp" name="com.unicoStudio.tests.AboutPageTest" tests="5" failures="0" timestamp="2023-11-06T22:36:23 EET" time="280.632" errors="0">
  <testcase name="aboutPageFacebookTest" time="81.314" classname="com.unicoStudio.tests.AboutPageTest"/>
  <system-out/>
  <testcase name="aboutPageTwitterTest" time="56.139" classname="com.unicoStudio.tests.AboutPageTest"/>
  <system-out/>
  <testcase name="aboutGeneralTextTest" time="45.525" classname="com.unicoStudio.tests.AboutPageTest"/>
  <system-out/>
  <testcase name="aboutPageInstagramTest" time="55.123" classname="com.unicoStudio.tests.AboutPageTest"/>
  <system-out/>
  <testcase name="aboutPageLinkedInTest" time="42.531" classname="com.unicoStudio.tests.AboutPageTest"/>
  <system-out/>
</testsuite> <!-- com.unicoStudio.tests.AboutPageTest -->
