<?xml version="1.0" encoding="UTF-8"?>
<!-- Generated by org.testng.reporters.JUnitReportReporter -->
<testsuite skipped="0" hostname="nahsen-mbp" name="com.unicoStudio.tests.AboutPageTest" tests="4" failures="0" timestamp="2023-01-01T00:05:54 EET" time="137.098" errors="0">
  <testcase name="aboutPageTwitterTest" time="34.238" classname="com.unicoStudio.tests.AboutPageTest"/>
  <system-out/>
  <testcase name="aboutPageFacebookTest" time="36.854" classname="com.unicoStudio.tests.AboutPageTest"/>
  <system-out/>
  <testcase name="aboutPageLinkedInTest" time="33.530" classname="com.unicoStudio.tests.AboutPageTest"/>
  <system-out/>
  <testcase name="aboutPageInstagramTest" time="32.476" classname="com.unicoStudio.tests.AboutPageTest"/>
  <system-out/>
</testsuite> <!-- com.unicoStudio.tests.AboutPageTest -->
