<?xml version="1.0" encoding="UTF-8"?>
<!-- Generated by org.testng.reporters.JUnitReportReporter -->
<testsuite skipped="0" hostname="nahsen-mbp" name="com.unicoStudio.tests.HomePageTests" tests="1" failures="0" timestamp="2023-01-01T00:05:54 EET" time="74.019" errors="0">
  <testcase name="homePageTest" time="74.019" classname="com.unicoStudio.tests.HomePageTests"/>
  <system-out/>
</testsuite> <!-- com.unicoStudio.tests.HomePageTests -->
