<?xml version="1.0" encoding="UTF-8"?>
<!-- Generated by org.testng.reporters.JUnitReportReporter -->
<testsuite skipped="0" hostname="nahsen-mbp" name="com.unicoStudio.tests.HomePageTests" tests="1" failures="0" timestamp="2022-12-30T19:45:40 EET" time="95.597" errors="0">
  <testcase name="homePageTest" time="95.597" classname="com.unicoStudio.tests.HomePageTests"/>
  <system-out/>
</testsuite> <!-- com.unicoStudio.tests.HomePageTests -->
