<?xml version="1.0" encoding="UTF-8"?>
<!-- Generated by org.testng.reporters.JUnitReportReporter -->
<testsuite skipped="0" hostname="nahsen-mbp" name="com.unicoStudio.tests.AboutPageTest" tests="4" failures="0" timestamp="2022-12-30T19:45:40 EET" time="70.737" errors="0">
  <testcase name="aboutPageTwitterTest" time="13.632" classname="com.unicoStudio.tests.AboutPageTest"/>
  <system-out/>
  <testcase name="aboutPageLinkedInTest" time="11.491" classname="com.unicoStudio.tests.AboutPageTest"/>
  <system-out/>
  <testcase name="aboutPageFacebookTest" time="25.599" classname="com.unicoStudio.tests.AboutPageTest"/>
  <system-out/>
  <testcase name="aboutPageInstagramTest" time="20.015" classname="com.unicoStudio.tests.AboutPageTest"/>
  <system-out/>
</testsuite> <!-- com.unicoStudio.tests.AboutPageTest -->
